2022-05-02 18:06:09,452 | MainThread   | [INFO    ] | print_update_stats  |: Bel_bar prob at index = 0.008176784300177938
2022-05-02 18:06:09,457 | MainThread   | [INFO    ] | print_update_stats  |: GT            : (1.332, 0.849, 4110.892)
2022-05-02 18:06:09,464 | MainThread   | [INFO    ] | print_update_stats  |: Belief        : (1.219, 0.914, 150.000)
2022-05-02 18:06:09,469 | MainThread   | [INFO    ] | print_update_stats  |: POS ERROR     : (0.113, -0.065, 3960.892)
2022-05-02 18:06:09,471 | MainThread   | [INFO    ] | print_update_stats  |: ---------- UPDATE STATS -----------
2022-05-02 18:06:12,689 | MainThread   | [INFO    ] | print_prediction_stats|: ---------- PREDICTION STATS -----------
2022-05-02 18:06:12,708 | MainThread   | [INFO    ] | print_prediction_stats|: GT index         : (7, 6, 3)
2022-05-02 18:06:12,709 | MainThread   | [INFO    ] | print_prediction_stats|: Prior Bel index  : (7, 7, 5) with prob = 0.1082851
2022-05-02 18:06:12,710 | MainThread   | [INFO    ] | print_prediction_stats|: POS ERROR        : (-0.178, -0.065, 4278.753)
2022-05-02 18:06:12,714 | MainThread   | [INFO    ] | print_prediction_stats|: ---------- PREDICTION STATS -----------
2022-05-02 18:06:15,630 | MainThread   | [INFO    ] | print_update_stats  |: ---------- UPDATE STATS -----------
2022-05-02 18:06:15,635 | MainThread   | [INFO    ] | print_update_stats  |: GT index      : (7, 6, 3)
2022-05-02 18:06:15,639 | MainThread   | [INFO    ] | print_update_stats  |: Bel index     : (7, 7, 3) with prob = 1.0
2022-05-02 18:06:15,643 | MainThread   | [INFO    ] | print_update_stats  |: Bel_bar prob at index = 0.004834086872465232
2022-05-02 18:06:15,647 | MainThread   | [INFO    ] | print_update_stats  |: GT            : (0.432, 0.849, 4568.754)
2022-05-02 18:06:15,655 | MainThread   | [INFO    ] | print_update_stats  |: Belief        : (0.610, 0.914, -110.000)
2022-05-02 18:06:15,659 | MainThread   | [INFO    ] | print_update_stats  |: POS ERROR     : (-0.178, -0.065, 4678.754)
2022-05-02 18:06:15,664 | MainThread   | [INFO    ] | print_update_stats  |: ---------- UPDATE STATS -----------
2022-05-02 18:06:17,781 | MainThread   | [INFO    ] | print_prediction_stats|: ---------- PREDICTION STATS -----------
2022-05-02 18:06:17,790 | MainThread   | [INFO    ] | print_prediction_stats|: GT index         : (6, 4, 5)
2022-05-02 18:06:17,791 | MainThread   | [INFO    ] | print_prediction_stats|: Prior Bel index  : (8, 5, 5) with prob = 0.0873130
2022-05-02 18:06:17,794 | MainThread   | [INFO    ] | print_prediction_stats|: POS ERROR        : (-0.722, -0.071, 4684.600)
2022-05-02 18:06:17,798 | MainThread   | [INFO    ] | print_prediction_stats|: ---------- PREDICTION STATS -----------
2022-05-02 18:06:20,711 | MainThread   | [INFO    ] | print_update_stats  |: ---------- UPDATE STATS -----------
2022-05-02 18:06:20,718 | MainThread   | [INFO    ] | print_update_stats  |: GT index      : (6, 4, 5)
2022-05-02 18:06:20,719 | MainThread   | [INFO    ] | print_update_stats  |: Bel index     : (6, 5, 5) with prob = 1.0
2022-05-02 18:06:20,727 | MainThread   | [INFO    ] | print_update_stats  |: Bel_bar prob at index = 4.849068477379012e-08
2022-05-02 18:06:20,734 | MainThread   | [INFO    ] | print_update_stats  |: GT            : (0.193, 0.233, 4974.600)
2022-05-02 18:06:20,739 | MainThread   | [INFO    ] | print_update_stats  |: Belief        : (0.305, 0.305, -70.000)
2022-05-02 18:06:20,742 | MainThread   | [INFO    ] | print_update_stats  |: POS ERROR     : (-0.112, -0.071, 5044.600)
2022-05-02 18:06:20,751 | MainThread   | [INFO    ] | print_update_stats  |: ---------- UPDATE STATS -----------
2022-05-02 18:06:22,909 | MainThread   | [INFO    ] | print_prediction_stats|: ---------- PREDICTION STATS -----------
2022-05-02 18:06:22,924 | MainThread   | [INFO    ] | print_prediction_stats|: GT index         : (5, 3, 2)
2022-05-02 18:06:22,932 | MainThread   | [INFO    ] | print_prediction_stats|: Prior Bel index  : (4, 4, 2) with prob = 0.1232475
2022-05-02 18:06:22,948 | MainThread   | [INFO    ] | print_prediction_stats|: POS ERROR        : (0.213, -0.048, 5034.711)
2022-05-02 18:06:22,977 | MainThread   | [INFO    ] | print_prediction_stats|: ---------- PREDICTION STATS -----------
2022-05-02 18:06:25,946 | MainThread   | [INFO    ] | print_update_stats  |: ---------- UPDATE STATS -----------
2022-05-02 18:06:25,990 | MainThread   | [INFO    ] | print_update_stats  |: GT index      : (5, 3, 2)
2022-05-02 18:06:26,024 | MainThread   | [INFO    ] | print_update_stats  |: Bel index     : (5, 3, 2) with prob = 0.9999999
2022-05-02 18:06:26,026 | MainThread   | [INFO    ] | print_update_stats  |: Bel_bar prob at index = 0.0009866531876917563
2022-05-02 18:06:26,063 | MainThread   | [INFO    ] | print_update_stats  |: GT            : (-0.092, -0.048, 5264.711)
2022-05-02 18:06:26,100 | MainThread   | [INFO    ] | print_update_stats  |: Belief        : (0.000, -0.305, -130.000)
2022-05-02 18:06:26,111 | MainThread   | [INFO    ] | print_update_stats  |: POS ERROR     : (-0.092, 0.257, 5394.711)
2022-05-02 18:06:26,113 | MainThread   | [INFO    ] | print_update_stats  |: ---------- UPDATE STATS -----------
2022-05-02 18:06:29,229 | MainThread   | [INFO    ] | print_prediction_stats|: ---------- PREDICTION STATS -----------
2022-05-02 18:06:29,244 | MainThread   | [INFO    ] | print_prediction_stats|: GT index         : (4, 3, 1)
2022-05-02 18:06:29,252 | MainThread   | [INFO    ] | print_prediction_stats|: Prior Bel index  : (4, 0, 1) with prob = 0.1042703
2022-05-02 18:06:29,256 | MainThread   | [INFO    ] | print_prediction_stats|: POS ERROR        : (-0.177, 1.055, 5392.265)
2022-05-02 18:06:29,269 | MainThread   | [INFO    ] | print_prediction_stats|: ---------- PREDICTION STATS -----------
2022-05-02 18:06:32,171 | MainThread   | [INFO    ] | print_update_stats  |: ---------- UPDATE STATS -----------
2022-05-02 18:06:32,180 | MainThread   | [INFO    ] | print_update_stats  |: GT index      : (4, 3, 1)
2022-05-02 18:06:32,184 | MainThread   | [INFO    ] | print_update_stats  |: Bel index     : (4, 3, 1) with prob = 1.0
2022-05-02 18:06:32,186 | MainThread   | [INFO    ] | print_update_stats  |: Bel_bar prob at index = 2.557656246017602e-12
2022-05-02 18:06:32,190 | MainThread   | [INFO    ] | print_update_stats  |: GT            : (-0.482, -0.164, 5602.265)
2022-05-02 18:06:32,196 | MainThread   | [INFO    ] | print_update_stats  |: Belief        : (-0.305, -0.305, -150.000)
2022-05-02 18:06:32,213 | MainThread   | [INFO    ] | print_update_stats  |: POS ERROR     : (-0.177, 0.141, 5752.265)
2022-05-02 18:06:32,224 | MainThread   | [INFO    ] | print_update_stats  |: ---------- UPDATE STATS -----------
2022-05-02 18:06:35,349 | MainThread   | [INFO    ] | print_prediction_stats|: ---------- PREDICTION STATS -----------
2022-05-02 18:06:35,363 | MainThread   | [INFO    ] | print_prediction_stats|: GT index         : (3, 3, 17)
2022-05-02 18:06:35,367 | MainThread   | [INFO    ] | print_prediction_stats|: Prior Bel index  : (0, 3, 17) with prob = 0.0979129
2022-05-02 18:06:35,372 | MainThread   | [INFO    ] | print_prediction_stats|: POS ERROR        : (0.645, 0.189, 5408.865)
2022-05-02 18:06:35,376 | MainThread   | [INFO    ] | print_prediction_stats|: ---------- PREDICTION STATS -----------
2022-05-02 18:06:38,300 | MainThread   | [INFO    ] | print_update_stats  |: ---------- UPDATE STATS -----------
2022-05-02 18:06:38,312 | MainThread   | [INFO    ] | print_update_stats  |: GT index      : (3, 3, 17)
2022-05-02 18:06:38,316 | MainThread   | [INFO    ] | print_update_stats  |: Bel index     : (2, 3, 0) with prob = 1.0
2022-05-02 18:06:38,320 | MainThread   | [INFO    ] | print_update_stats  |: Bel_bar prob at index = 0.016439548928997315
2022-05-02 18:06:38,331 | MainThread   | [INFO    ] | print_update_stats  |: GT            : (-0.879, -0.116, 5938.865)
2022-05-02 18:06:38,334 | MainThread   | [INFO    ] | print_update_stats  |: Belief        : (-0.914, -0.305, -170.000)
2022-05-02 18:06:38,337 | MainThread   | [INFO    ] | print_update_stats  |: POS ERROR     : (0.036, 0.189, 6108.865)
2022-05-02 18:06:38,350 | MainThread   | [INFO    ] | print_update_stats  |: ---------- UPDATE STATS -----------
2022-05-04 15:57:58,188 | MainThread   | [INFO    ] | populate_views      |:  | Number of observations per grid cell: 18
2022-05-04 15:57:58,195 | MainThread   | [INFO    ] | populate_views      |:  | Precaching Views...
2022-05-04 15:58:02,139 | MainThread   | [INFO    ] | populate_views      |:  | Precaching Time: 3.942 secs
2022-05-04 15:58:02,139 | MainThread   | [INFO    ] | init_uniform_distribution|: Initializing beliefs with a Uniform Distribution
2022-05-04 15:58:02,141 | MainThread   | [INFO    ] | init_uniform_distribution|: Uniform Belief with each cell value: 0.00051440329218107
2022-05-04 16:09:45,698 | MainThread   | [INFO    ] | populate_views      |:  | Number of observations per grid cell: 18
2022-05-04 16:09:45,705 | MainThread   | [INFO    ] | populate_views      |:  | Precaching Views...
2022-05-04 16:09:50,502 | MainThread   | [INFO    ] | populate_views      |:  | Precaching Time: 4.796 secs
2022-05-04 16:09:50,503 | MainThread   | [INFO    ] | init_uniform_distribution|: Initializing beliefs with a Uniform Distribution
2022-05-04 16:09:50,505 | MainThread   | [INFO    ] | init_uniform_distribution|: Uniform Belief with each cell value: 0.00051440329218107
2022-05-06 22:06:53,189 | MainThread   | [INFO    ] | populate_views      |:  | Number of observations per grid cell: 18
2022-05-06 22:06:53,194 | MainThread   | [INFO    ] | populate_views      |:  | Precaching Views...
2022-05-06 22:06:57,725 | MainThread   | [INFO    ] | populate_views      |:  | Precaching Time: 4.530 secs
2022-05-06 22:06:57,726 | MainThread   | [INFO    ] | init_uniform_distribution|: Initializing beliefs with a Uniform Distribution
2022-05-06 22:06:57,728 | MainThread   | [INFO    ] | init_uniform_distribution|: Uniform Belief with each cell value: 0.00051440329218107
2022-05-06 22:07:06,559 | MainThread   | [INFO    ] | init_uniform_distribution|: Initializing beliefs with a Uniform Distribution
2022-05-06 22:07:06,561 | MainThread   | [INFO    ] | init_uniform_distribution|: Uniform Belief with each cell value: 0.00051440329218107
2022-05-06 22:09:29,440 | MainThread   | [INFO    ] | init_uniform_distribution|: Initializing beliefs with a Uniform Distribution
2022-05-06 22:09:29,446 | MainThread   | [INFO    ] | init_uniform_distribution|: Uniform Belief with each cell value: 0.00051440329218107
2022-05-06 22:09:39,419 | MainThread   | [INFO    ] | populate_views      |:  | Number of observations per grid cell: 18
2022-05-06 22:09:39,420 | MainThread   | [INFO    ] | populate_views      |:  | Precaching Views...
2022-05-06 22:09:44,390 | MainThread   | [INFO    ] | populate_views      |:  | Precaching Time: 4.969 secs
2022-05-06 22:09:44,391 | MainThread   | [INFO    ] | init_uniform_distribution|: Initializing beliefs with a Uniform Distribution
2022-05-06 22:09:44,392 | MainThread   | [INFO    ] | init_uniform_distribution|: Uniform Belief with each cell value: 0.00051440329218107
2022-05-06 22:09:48,050 | MainThread   | [INFO    ] | init_uniform_distribution|: Initializing beliefs with a Uniform Distribution
2022-05-06 22:09:48,052 | MainThread   | [INFO    ] | init_uniform_distribution|: Uniform Belief with each cell value: 0.00051440329218107
2022-05-06 22:11:05,725 | MainThread   | [INFO    ] | populate_views      |:  | Number of observations per grid cell: 18
2022-05-06 22:11:05,726 | MainThread   | [INFO    ] | populate_views      |:  | Precaching Views...
2022-05-06 22:11:10,976 | MainThread   | [INFO    ] | populate_views      |:  | Precaching Time: 5.248 secs
2022-05-06 22:11:10,977 | MainThread   | [INFO    ] | init_uniform_distribution|: Initializing beliefs with a Uniform Distribution
2022-05-06 22:11:10,978 | MainThread   | [INFO    ] | init_uniform_distribution|: Uniform Belief with each cell value: 0.00051440329218107
2022-05-06 22:11:13,736 | MainThread   | [INFO    ] | init_uniform_distribution|: Initializing beliefs with a Uniform Distribution
2022-05-06 22:11:13,737 | MainThread   | [INFO    ] | init_uniform_distribution|: Uniform Belief with each cell value: 0.00051440329218107
2022-05-07 15:34:26,414 | MainThread   | [INFO    ] | populate_views      |:  | Number of observations per grid cell: 18
2022-05-07 15:34:26,421 | MainThread   | [INFO    ] | populate_views      |:  | Precaching Views...
2022-05-07 15:34:32,324 | MainThread   | [INFO    ] | populate_views      |:  | Precaching Time: 5.902 secs
2022-05-07 15:34:32,325 | MainThread   | [INFO    ] | init_uniform_distribution|: Initializing beliefs with a Uniform Distribution
2022-05-07 15:34:32,326 | MainThread   | [INFO    ] | init_uniform_distribution|: Uniform Belief with each cell value: 0.00051440329218107
2022-05-07 15:39:10,250 | MainThread   | [INFO    ] | populate_views      |:  | Number of observations per grid cell: 18
2022-05-07 15:39:10,251 | MainThread   | [INFO    ] | populate_views      |:  | Precaching Views...
2022-05-07 15:39:15,372 | MainThread   | [INFO    ] | populate_views      |:  | Precaching Time: 5.119 secs
2022-05-07 15:39:15,373 | MainThread   | [INFO    ] | init_uniform_distribution|: Initializing beliefs with a Uniform Distribution
2022-05-07 15:39:15,374 | MainThread   | [INFO    ] | init_uniform_distribution|: Uniform Belief with each cell value: 0.00051440329218107
2022-05-07 15:50:18,941 | MainThread   | [INFO    ] | populate_views      |:  | Number of observations per grid cell: 18
2022-05-07 15:50:18,943 | MainThread   | [INFO    ] | populate_views      |:  | Precaching Views...
2022-05-07 15:50:23,731 | MainThread   | [INFO    ] | populate_views      |:  | Precaching Time: 4.786 secs
2022-05-07 15:50:23,731 | MainThread   | [INFO    ] | init_uniform_distribution|: Initializing beliefs with a Uniform Distribution
2022-05-07 15:50:23,732 | MainThread   | [INFO    ] | init_uniform_distribution|: Uniform Belief with each cell value: 0.00051440329218107
2022-05-07 15:50:29,414 | MainThread   | [INFO    ] | init_uniform_distribution|: Initializing beliefs with a Uniform Distribution
2022-05-07 15:50:29,415 | MainThread   | [INFO    ] | init_uniform_distribution|: Uniform Belief with each cell value: 0.00051440329218107
2022-05-07 15:52:20,730 | MainThread   | [INFO    ] | populate_views      |:  | Number of observations per grid cell: 18
2022-05-07 15:52:20,732 | MainThread   | [INFO    ] | populate_views      |:  | Precaching Views...
2022-05-07 15:52:26,584 | MainThread   | [INFO    ] | populate_views      |:  | Precaching Time: 5.851 secs
2022-05-07 15:52:26,591 | MainThread   | [INFO    ] | init_uniform_distribution|: Initializing beliefs with a Uniform Distribution
2022-05-07 15:52:26,592 | MainThread   | [INFO    ] | init_uniform_distribution|: Uniform Belief with each cell value: 0.00051440329218107
2022-05-07 15:52:26,843 | MainThread   | [INFO    ] | init_uniform_distribution|: Initializing beliefs with a Uniform Distribution
2022-05-07 15:52:26,845 | MainThread   | [INFO    ] | init_uniform_distribution|: Uniform Belief with each cell value: 0.00051440329218107
2022-05-07 15:52:45,842 | MainThread   | [INFO    ] | populate_views      |:  | Number of observations per grid cell: 18
2022-05-07 15:52:45,843 | MainThread   | [INFO    ] | populate_views      |:  | Precaching Views...
2022-05-07 15:52:50,980 | MainThread   | [INFO    ] | populate_views      |:  | Precaching Time: 5.136 secs
2022-05-07 15:52:50,981 | MainThread   | [INFO    ] | init_uniform_distribution|: Initializing beliefs with a Uniform Distribution
2022-05-07 15:52:50,982 | MainThread   | [INFO    ] | init_uniform_distribution|: Uniform Belief with each cell value: 0.00051440329218107
2022-05-07 15:52:55,100 | MainThread   | [INFO    ] | init_uniform_distribution|: Initializing beliefs with a Uniform Distribution
2022-05-07 15:52:55,102 | MainThread   | [INFO    ] | init_uniform_distribution|: Uniform Belief with each cell value: 0.00051440329218107
2022-05-07 15:54:11,891 | MainThread   | [INFO    ] | init_uniform_distribution|: Initializing beliefs with a Uniform Distribution
2022-05-07 15:54:11,892 | MainThread   | [INFO    ] | init_uniform_distribution|: Uniform Belief with each cell value: 0.00051440329218107
2022-05-08 22:27:15,464 | MainThread   | [INFO    ] | populate_views      |:  | Number of observations per grid cell: 18
2022-05-08 22:27:15,465 | MainThread   | [INFO    ] | populate_views      |:  | Precaching Views...
2022-05-08 22:27:19,689 | MainThread   | [INFO    ] | populate_views      |:  | Precaching Time: 4.223 secs
2022-05-08 22:27:19,690 | MainThread   | [INFO    ] | init_uniform_distribution|: Initializing beliefs with a Uniform Distribution
2022-05-08 22:27:19,692 | MainThread   | [INFO    ] | init_uniform_distribution|: Uniform Belief with each cell value: 0.00051440329218107
2022-05-12 22:45:32,465 | MainThread   | [INFO    ] | populate_views      |:  | Number of observations per grid cell: 18
2022-05-12 22:45:32,466 | MainThread   | [INFO    ] | populate_views      |:  | Precaching Views...
2022-05-12 22:45:37,640 | MainThread   | [INFO    ] | populate_views      |:  | Precaching Time: 5.173 secs
2022-05-12 22:45:37,641 | MainThread   | [INFO    ] | init_uniform_distribution|: Initializing beliefs with a Uniform Distribution
2022-05-12 22:45:37,642 | MainThread   | [INFO    ] | init_uniform_distribution|: Uniform Belief with each cell value: 0.00051440329218107
2022-05-12 22:45:53,061 | MainThread   | [INFO    ] | populate_views      |:  | Number of observations per grid cell: 18
2022-05-12 22:45:53,062 | MainThread   | [INFO    ] | populate_views      |:  | Precaching Views...
2022-05-12 22:45:58,373 | MainThread   | [INFO    ] | populate_views      |:  | Precaching Time: 5.310 secs
2022-05-12 22:45:58,376 | MainThread   | [INFO    ] | init_uniform_distribution|: Initializing beliefs with a Uniform Distribution
2022-05-12 22:45:58,376 | MainThread   | [INFO    ] | init_uniform_distribution|: Uniform Belief with each cell value: 0.00051440329218107
2022-05-12 22:46:34,398 | MainThread   | [INFO    ] | populate_views      |:  | Number of observations per grid cell: 18
2022-05-12 22:46:34,399 | MainThread   | [INFO    ] | populate_views      |:  | Precaching Views...
2022-05-12 22:46:40,399 | MainThread   | [INFO    ] | populate_views      |:  | Precaching Time: 5.999 secs
2022-05-12 22:46:40,400 | MainThread   | [INFO    ] | init_uniform_distribution|: Initializing beliefs with a Uniform Distribution
2022-05-12 22:46:40,401 | MainThread   | [INFO    ] | init_uniform_distribution|: Uniform Belief with each cell value: 0.00051440329218107
2022-05-12 22:46:40,665 | MainThread   | [INFO    ] | init_uniform_distribution|: Initializing beliefs with a Uniform Distribution
2022-05-12 22:46:40,666 | MainThread   | [INFO    ] | init_uniform_distribution|: Uniform Belief with each cell value: 0.00051440329218107
2022-05-12 22:46:51,611 | MainThread   | [INFO    ] | populate_views      |:  | Number of observations per grid cell: 18
2022-05-12 22:46:51,612 | MainThread   | [INFO    ] | populate_views      |:  | Precaching Views...
2022-05-12 22:46:56,839 | MainThread   | [INFO    ] | populate_views      |:  | Precaching Time: 5.225 secs
2022-05-12 22:46:56,840 | MainThread   | [INFO    ] | init_uniform_distribution|: Initializing beliefs with a Uniform Distribution
2022-05-12 22:46:56,841 | MainThread   | [INFO    ] | init_uniform_distribution|: Uniform Belief with each cell value: 0.00051440329218107
2022-05-12 22:46:57,092 | MainThread   | [INFO    ] | init_uniform_distribution|: Initializing beliefs with a Uniform Distribution
2022-05-12 22:46:57,093 | MainThread   | [INFO    ] | init_uniform_distribution|: Uniform Belief with each cell value: 0.00051440329218107
2022-05-12 23:23:50,082 | MainThread   | [INFO    ] | init_uniform_distribution|: Initializing beliefs with a Uniform Distribution
2022-05-12 23:23:50,083 | MainThread   | [INFO    ] | init_uniform_distribution|: Uniform Belief with each cell value: 0.00051440329218107
2022-05-12 23:24:10,648 | MainThread   | [INFO    ] | init_uniform_distribution|: Initializing beliefs with a Uniform Distribution
2022-05-12 23:24:10,649 | MainThread   | [INFO    ] | init_uniform_distribution|: Uniform Belief with each cell value: 0.00051440329218107
2022-05-12 23:38:21,333 | MainThread   | [INFO    ] | populate_views      |:  | Number of observations per grid cell: 18
2022-05-12 23:38:21,335 | MainThread   | [INFO    ] | populate_views      |:  | Precaching Views...
2022-05-12 23:38:27,267 | MainThread   | [INFO    ] | populate_views      |:  | Precaching Time: 5.931 secs
2022-05-12 23:38:27,268 | MainThread   | [INFO    ] | init_uniform_distribution|: Initializing beliefs with a Uniform Distribution
2022-05-12 23:38:27,269 | MainThread   | [INFO    ] | init_uniform_distribution|: Uniform Belief with each cell value: 0.00051440329218107
2022-05-12 23:38:31,338 | MainThread   | [INFO    ] | populate_views      |:  | Number of observations per grid cell: 18
2022-05-12 23:38:31,339 | MainThread   | [INFO    ] | populate_views      |:  | Precaching Views...
2022-05-12 23:38:36,653 | MainThread   | [INFO    ] | populate_views      |:  | Precaching Time: 5.313 secs
2022-05-12 23:38:36,659 | MainThread   | [INFO    ] | init_uniform_distribution|: Initializing beliefs with a Uniform Distribution
2022-05-12 23:38:36,661 | MainThread   | [INFO    ] | init_uniform_distribution|: Uniform Belief with each cell value: 0.00051440329218107
2022-05-12 23:38:36,908 | MainThread   | [INFO    ] | init_uniform_distribution|: Initializing beliefs with a Uniform Distribution
2022-05-12 23:38:36,909 | MainThread   | [INFO    ] | init_uniform_distribution|: Uniform Belief with each cell value: 0.00051440329218107
2022-05-12 23:39:02,024 | MainThread   | [INFO    ] | populate_views      |:  | Number of observations per grid cell: 18
2022-05-12 23:39:02,025 | MainThread   | [INFO    ] | populate_views      |:  | Precaching Views...
2022-05-12 23:39:07,952 | MainThread   | [INFO    ] | populate_views      |:  | Precaching Time: 5.926 secs
2022-05-12 23:39:07,953 | MainThread   | [INFO    ] | init_uniform_distribution|: Initializing beliefs with a Uniform Distribution
2022-05-12 23:39:07,954 | MainThread   | [INFO    ] | init_uniform_distribution|: Uniform Belief with each cell value: 0.00051440329218107
2022-05-12 23:39:08,224 | MainThread   | [INFO    ] | init_uniform_distribution|: Initializing beliefs with a Uniform Distribution
2022-05-12 23:39:08,225 | MainThread   | [INFO    ] | init_uniform_distribution|: Uniform Belief with each cell value: 0.00051440329218107
2022-05-12 23:40:19,020 | MainThread   | [INFO    ] | populate_views      |:  | Number of observations per grid cell: 18
2022-05-12 23:40:19,024 | MainThread   | [INFO    ] | populate_views      |:  | Precaching Views...
2022-05-12 23:40:24,160 | MainThread   | [INFO    ] | populate_views      |:  | Precaching Time: 5.133 secs
2022-05-12 23:40:24,161 | MainThread   | [INFO    ] | init_uniform_distribution|: Initializing beliefs with a Uniform Distribution
2022-05-12 23:40:24,162 | MainThread   | [INFO    ] | init_uniform_distribution|: Uniform Belief with each cell value: 0.00051440329218107
2022-05-12 23:40:38,946 | MainThread   | [INFO    ] | init_uniform_distribution|: Initializing beliefs with a Uniform Distribution
2022-05-12 23:40:38,947 | MainThread   | [INFO    ] | init_uniform_distribution|: Uniform Belief with each cell value: 0.00051440329218107
2022-05-12 23:41:14,312 | MainThread   | [INFO    ] | populate_views      |:  | Number of observations per grid cell: 18
2022-05-12 23:41:14,314 | MainThread   | [INFO    ] | populate_views      |:  | Precaching Views...
2022-05-12 23:41:19,718 | MainThread   | [INFO    ] | populate_views      |:  | Precaching Time: 5.403 secs
2022-05-12 23:41:19,719 | MainThread   | [INFO    ] | init_uniform_distribution|: Initializing beliefs with a Uniform Distribution
2022-05-12 23:41:19,720 | MainThread   | [INFO    ] | init_uniform_distribution|: Uniform Belief with each cell value: 0.00051440329218107
2022-05-12 23:41:20,029 | MainThread   | [INFO    ] | init_uniform_distribution|: Initializing beliefs with a Uniform Distribution
2022-05-12 23:41:20,034 | MainThread   | [INFO    ] | init_uniform_distribution|: Uniform Belief with each cell value: 0.00051440329218107
2022-05-12 23:41:45,176 | MainThread   | [INFO    ] | populate_views      |:  | Number of observations per grid cell: 18
2022-05-12 23:41:45,178 | MainThread   | [INFO    ] | populate_views      |:  | Precaching Views...
2022-05-12 23:41:50,249 | MainThread   | [INFO    ] | populate_views      |:  | Precaching Time: 5.070 secs
2022-05-12 23:41:50,250 | MainThread   | [INFO    ] | init_uniform_distribution|: Initializing beliefs with a Uniform Distribution
2022-05-12 23:41:50,251 | MainThread   | [INFO    ] | init_uniform_distribution|: Uniform Belief with each cell value: 0.00051440329218107
2022-05-12 23:41:50,525 | MainThread   | [INFO    ] | init_uniform_distribution|: Initializing beliefs with a Uniform Distribution
2022-05-12 23:41:50,526 | MainThread   | [INFO    ] | init_uniform_distribution|: Uniform Belief with each cell value: 0.00051440329218107
2022-05-12 23:42:17,583 | MainThread   | [INFO    ] | populate_views      |:  | Number of observations per grid cell: 18
2022-05-12 23:42:17,585 | MainThread   | [INFO    ] | populate_views      |:  | Precaching Views...
2022-05-12 23:42:22,997 | MainThread   | [INFO    ] | populate_views      |:  | Precaching Time: 5.410 secs
2022-05-12 23:42:22,998 | MainThread   | [INFO    ] | init_uniform_distribution|: Initializing beliefs with a Uniform Distribution
2022-05-12 23:42:22,999 | MainThread   | [INFO    ] | init_uniform_distribution|: Uniform Belief with each cell value: 0.00051440329218107
2022-05-12 23:42:23,295 | MainThread   | [INFO    ] | init_uniform_distribution|: Initializing beliefs with a Uniform Distribution
2022-05-12 23:42:23,296 | MainThread   | [INFO    ] | init_uniform_distribution|: Uniform Belief with each cell value: 0.00051440329218107
2022-05-12 23:42:48,363 | MainThread   | [INFO    ] | populate_views      |:  | Number of observations per grid cell: 18
2022-05-12 23:42:48,364 | MainThread   | [INFO    ] | populate_views      |:  | Precaching Views...
2022-05-12 23:42:53,021 | MainThread   | [INFO    ] | populate_views      |:  | Precaching Time: 4.657 secs
2022-05-12 23:42:53,023 | MainThread   | [INFO    ] | init_uniform_distribution|: Initializing beliefs with a Uniform Distribution
2022-05-12 23:42:53,024 | MainThread   | [INFO    ] | init_uniform_distribution|: Uniform Belief with each cell value: 0.00051440329218107
2022-05-12 23:42:53,283 | MainThread   | [INFO    ] | init_uniform_distribution|: Initializing beliefs with a Uniform Distribution
2022-05-12 23:42:53,284 | MainThread   | [INFO    ] | init_uniform_distribution|: Uniform Belief with each cell value: 0.00051440329218107
2022-05-12 23:43:20,890 | MainThread   | [INFO    ] | populate_views      |:  | Number of observations per grid cell: 18
2022-05-12 23:43:20,891 | MainThread   | [INFO    ] | populate_views      |:  | Precaching Views...
2022-05-12 23:43:25,403 | MainThread   | [INFO    ] | populate_views      |:  | Precaching Time: 4.511 secs
2022-05-12 23:43:25,404 | MainThread   | [INFO    ] | init_uniform_distribution|: Initializing beliefs with a Uniform Distribution
2022-05-12 23:43:25,406 | MainThread   | [INFO    ] | init_uniform_distribution|: Uniform Belief with each cell value: 0.00051440329218107
2022-05-12 23:43:26,797 | MainThread   | [INFO    ] | init_uniform_distribution|: Initializing beliefs with a Uniform Distribution
2022-05-12 23:43:26,798 | MainThread   | [INFO    ] | init_uniform_distribution|: Uniform Belief with each cell value: 0.00051440329218107
2022-05-12 23:44:08,337 | MainThread   | [INFO    ] | populate_views      |:  | Number of observations per grid cell: 18
2022-05-12 23:44:08,339 | MainThread   | [INFO    ] | populate_views      |:  | Precaching Views...
2022-05-12 23:44:13,283 | MainThread   | [INFO    ] | populate_views      |:  | Precaching Time: 4.942 secs
2022-05-12 23:44:13,284 | MainThread   | [INFO    ] | init_uniform_distribution|: Initializing beliefs with a Uniform Distribution
2022-05-12 23:44:13,285 | MainThread   | [INFO    ] | init_uniform_distribution|: Uniform Belief with each cell value: 0.00051440329218107
2022-05-12 23:44:16,086 | MainThread   | [INFO    ] | init_uniform_distribution|: Initializing beliefs with a Uniform Distribution
2022-05-12 23:44:16,086 | MainThread   | [INFO    ] | init_uniform_distribution|: Uniform Belief with each cell value: 0.00051440329218107
2022-05-12 23:45:09,369 | MainThread   | [INFO    ] | populate_views      |:  | Number of observations per grid cell: 18
2022-05-12 23:45:09,370 | MainThread   | [INFO    ] | populate_views      |:  | Precaching Views...
2022-05-12 23:45:13,989 | MainThread   | [INFO    ] | populate_views      |:  | Precaching Time: 4.618 secs
2022-05-12 23:45:13,991 | MainThread   | [INFO    ] | init_uniform_distribution|: Initializing beliefs with a Uniform Distribution
2022-05-12 23:45:13,994 | MainThread   | [INFO    ] | init_uniform_distribution|: Uniform Belief with each cell value: 0.00051440329218107
2022-05-12 23:45:19,059 | MainThread   | [INFO    ] | init_uniform_distribution|: Initializing beliefs with a Uniform Distribution
2022-05-12 23:45:19,060 | MainThread   | [INFO    ] | init_uniform_distribution|: Uniform Belief with each cell value: 0.00051440329218107
2022-05-12 23:45:28,151 | MainThread   | [INFO    ] | populate_views      |:  | Number of observations per grid cell: 18
2022-05-12 23:45:28,153 | MainThread   | [INFO    ] | populate_views      |:  | Precaching Views...
2022-05-12 23:45:33,049 | MainThread   | [INFO    ] | populate_views      |:  | Precaching Time: 4.889 secs
2022-05-12 23:45:33,050 | MainThread   | [INFO    ] | init_uniform_distribution|: Initializing beliefs with a Uniform Distribution
2022-05-12 23:45:33,050 | MainThread   | [INFO    ] | init_uniform_distribution|: Uniform Belief with each cell value: 0.00051440329218107
2022-05-12 23:45:33,312 | MainThread   | [INFO    ] | init_uniform_distribution|: Initializing beliefs with a Uniform Distribution
2022-05-12 23:45:33,313 | MainThread   | [INFO    ] | init_uniform_distribution|: Uniform Belief with each cell value: 0.00051440329218107
2022-05-12 23:46:23,883 | MainThread   | [INFO    ] | populate_views      |:  | Number of observations per grid cell: 18
2022-05-12 23:46:23,883 | MainThread   | [INFO    ] | populate_views      |:  | Precaching Views...
2022-05-12 23:46:28,466 | MainThread   | [INFO    ] | populate_views      |:  | Precaching Time: 4.582 secs
2022-05-12 23:46:28,467 | MainThread   | [INFO    ] | init_uniform_distribution|: Initializing beliefs with a Uniform Distribution
2022-05-12 23:46:28,468 | MainThread   | [INFO    ] | init_uniform_distribution|: Uniform Belief with each cell value: 0.00051440329218107
2022-05-12 23:46:28,720 | MainThread   | [INFO    ] | init_uniform_distribution|: Initializing beliefs with a Uniform Distribution
2022-05-12 23:46:28,721 | MainThread   | [INFO    ] | init_uniform_distribution|: Uniform Belief with each cell value: 0.00051440329218107
2022-05-12 23:46:59,464 | MainThread   | [INFO    ] | populate_views      |:  | Number of observations per grid cell: 18
2022-05-12 23:46:59,467 | MainThread   | [INFO    ] | populate_views      |:  | Precaching Views...
2022-05-12 23:47:04,261 | MainThread   | [INFO    ] | populate_views      |:  | Precaching Time: 4.793 secs
2022-05-12 23:47:04,262 | MainThread   | [INFO    ] | init_uniform_distribution|: Initializing beliefs with a Uniform Distribution
2022-05-12 23:47:04,263 | MainThread   | [INFO    ] | init_uniform_distribution|: Uniform Belief with each cell value: 0.00051440329218107
2022-05-12 23:47:04,510 | MainThread   | [INFO    ] | init_uniform_distribution|: Initializing beliefs with a Uniform Distribution
2022-05-12 23:47:04,511 | MainThread   | [INFO    ] | init_uniform_distribution|: Uniform Belief with each cell value: 0.00051440329218107
2022-05-17 16:22:53,731 | MainThread   | [INFO    ] | populate_views      |:  | Number of observations per grid cell: 18
2022-05-17 16:22:53,732 | MainThread   | [INFO    ] | populate_views      |:  | Precaching Views...
2022-05-17 16:22:59,332 | MainThread   | [INFO    ] | populate_views      |:  | Precaching Time: 5.598 secs
2022-05-17 16:22:59,333 | MainThread   | [INFO    ] | init_uniform_distribution|: Initializing beliefs with a Uniform Distribution
2022-05-17 16:22:59,334 | MainThread   | [INFO    ] | init_uniform_distribution|: Uniform Belief with each cell value: 0.00051440329218107
2022-05-17 16:23:17,341 | MainThread   | [INFO    ] | init_uniform_distribution|: Initializing beliefs with a Uniform Distribution
2022-05-17 16:23:17,342 | MainThread   | [INFO    ] | init_uniform_distribution|: Uniform Belief with each cell value: 0.00051440329218107
2022-05-17 16:26:02,249 | MainThread   | [INFO    ] | populate_views      |:  | Number of observations per grid cell: 18
2022-05-17 16:26:02,250 | MainThread   | [INFO    ] | populate_views      |:  | Precaching Views...
2022-05-17 16:26:07,075 | MainThread   | [INFO    ] | populate_views      |:  | Precaching Time: 4.823 secs
2022-05-17 16:26:07,076 | MainThread   | [INFO    ] | init_uniform_distribution|: Initializing beliefs with a Uniform Distribution
2022-05-17 16:26:07,077 | MainThread   | [INFO    ] | init_uniform_distribution|: Uniform Belief with each cell value: 0.00051440329218107
2022-05-17 16:26:07,323 | MainThread   | [INFO    ] | init_uniform_distribution|: Initializing beliefs with a Uniform Distribution
2022-05-17 16:26:07,323 | MainThread   | [INFO    ] | init_uniform_distribution|: Uniform Belief with each cell value: 0.00051440329218107
2022-05-17 16:26:25,358 | MainThread   | [INFO    ] | init_uniform_distribution|: Initializing beliefs with a Uniform Distribution
2022-05-17 16:26:25,359 | MainThread   | [INFO    ] | init_uniform_distribution|: Uniform Belief with each cell value: 0.00051440329218107
2022-05-17 16:28:06,759 | MainThread   | [INFO    ] | populate_views      |:  | Number of observations per grid cell: 18
2022-05-17 16:28:06,761 | MainThread   | [INFO    ] | populate_views      |:  | Precaching Views...
2022-05-17 16:28:11,803 | MainThread   | [INFO    ] | populate_views      |:  | Precaching Time: 5.041 secs
2022-05-17 16:28:11,804 | MainThread   | [INFO    ] | init_uniform_distribution|: Initializing beliefs with a Uniform Distribution
2022-05-17 16:28:11,805 | MainThread   | [INFO    ] | init_uniform_distribution|: Uniform Belief with each cell value: 0.00051440329218107
2022-05-17 16:28:25,346 | MainThread   | [INFO    ] | init_uniform_distribution|: Initializing beliefs with a Uniform Distribution
2022-05-17 16:28:25,347 | MainThread   | [INFO    ] | init_uniform_distribution|: Uniform Belief with each cell value: 0.00051440329218107
2022-05-17 17:06:16,707 | MainThread   | [INFO    ] | init_uniform_distribution|: Initializing beliefs with a Uniform Distribution
2022-05-17 17:06:16,712 | MainThread   | [INFO    ] | init_uniform_distribution|: Uniform Belief with each cell value: 0.00051440329218107
2022-05-17 17:07:10,403 | MainThread   | [INFO    ] | populate_views      |:  | Number of observations per grid cell: 18
2022-05-17 17:07:10,404 | MainThread   | [INFO    ] | populate_views      |:  | Precaching Views...
2022-05-17 17:07:15,707 | MainThread   | [INFO    ] | populate_views      |:  | Precaching Time: 5.302 secs
2022-05-17 17:07:15,709 | MainThread   | [INFO    ] | init_uniform_distribution|: Initializing beliefs with a Uniform Distribution
2022-05-17 17:07:15,710 | MainThread   | [INFO    ] | init_uniform_distribution|: Uniform Belief with each cell value: 0.00051440329218107
2022-05-17 17:07:24,630 | MainThread   | [INFO    ] | init_uniform_distribution|: Initializing beliefs with a Uniform Distribution
2022-05-17 17:07:24,631 | MainThread   | [INFO    ] | init_uniform_distribution|: Uniform Belief with each cell value: 0.00051440329218107
2022-05-17 17:08:34,352 | MainThread   | [INFO    ] | init_uniform_distribution|: Initializing beliefs with a Uniform Distribution
2022-05-17 17:08:34,353 | MainThread   | [INFO    ] | init_uniform_distribution|: Uniform Belief with each cell value: 0.00051440329218107
