2022-05-02 18:05:00,688 | MainThread   | [INFO    ] | update_step         |: Update Step
2022-05-02 18:05:00,696 | MainThread   | [INFO    ] | update_step         |:      | Update Time: 0.006 secs
2022-05-02 18:05:04,074 | MainThread   | [INFO    ] | prediction_step     |: Prediction Step
2022-05-02 18:05:04,237 | MainThread   | [INFO    ] | prediction_step     |:  | Prediction Time: 0.162 secs
2022-05-02 18:05:07,185 | MainThread   | [INFO    ] | update_step         |: Update Step
2022-05-02 18:05:07,194 | MainThread   | [INFO    ] | update_step         |:      | Update Time: 0.008 secs
2022-05-02 18:05:09,309 | MainThread   | [INFO    ] | prediction_step     |: Prediction Step
2022-05-02 18:05:09,379 | MainThread   | [INFO    ] | prediction_step     |:  | Prediction Time: 0.064 secs
2022-05-02 18:05:13,291 | MainThread   | [INFO    ] | update_step         |: Update Step
2022-05-02 18:05:13,301 | MainThread   | [INFO    ] | update_step         |:      | Update Time: 0.009 secs
2022-05-02 18:05:14,417 | MainThread   | [INFO    ] | prediction_step     |: Prediction Step
2022-05-02 18:05:14,488 | MainThread   | [INFO    ] | prediction_step     |:  | Prediction Time: 0.070 secs
2022-05-02 18:05:17,435 | MainThread   | [INFO    ] | update_step         |: Update Step
2022-05-02 18:05:17,441 | MainThread   | [INFO    ] | update_step         |:      | Update Time: 0.005 secs
2022-05-02 18:05:18,566 | MainThread   | [INFO    ] | prediction_step     |: Prediction Step
2022-05-02 18:05:18,652 | MainThread   | [INFO    ] | prediction_step     |:  | Prediction Time: 0.085 secs
2022-05-02 18:05:21,591 | MainThread   | [INFO    ] | update_step         |: Update Step
2022-05-02 18:05:21,606 | MainThread   | [INFO    ] | update_step         |:      | Update Time: 0.007 secs
2022-05-02 18:05:24,755 | MainThread   | [INFO    ] | prediction_step     |: Prediction Step
2022-05-02 18:05:24,839 | MainThread   | [INFO    ] | prediction_step     |:  | Prediction Time: 0.083 secs
2022-05-02 18:05:28,466 | MainThread   | [INFO    ] | update_step         |: Update Step
2022-05-02 18:05:28,471 | MainThread   | [INFO    ] | update_step         |:      | Update Time: 0.004 secs
2022-05-02 18:05:35,302 | MainThread   | [INFO    ] | prediction_step     |: Prediction Step
2022-05-02 18:05:35,386 | MainThread   | [INFO    ] | prediction_step     |:  | Prediction Time: 0.077 secs
2022-05-02 18:05:38,317 | MainThread   | [INFO    ] | update_step         |: Update Step
2022-05-02 18:05:38,323 | MainThread   | [INFO    ] | update_step         |:      | Update Time: 0.005 secs
2022-05-02 18:05:40,993 | MainThread   | [INFO    ] | prediction_step     |: Prediction Step
2022-05-02 18:05:41,116 | MainThread   | [INFO    ] | prediction_step     |:  | Prediction Time: 0.122 secs
2022-05-02 18:05:45,028 | MainThread   | [INFO    ] | update_step         |: Update Step
2022-05-02 18:05:45,034 | MainThread   | [INFO    ] | update_step         |:      | Update Time: 0.005 secs
2022-05-02 18:05:47,135 | MainThread   | [INFO    ] | prediction_step     |: Prediction Step
2022-05-02 18:05:47,213 | MainThread   | [INFO    ] | prediction_step     |:  | Prediction Time: 0.076 secs
2022-05-02 18:05:50,142 | MainThread   | [INFO    ] | update_step         |: Update Step
2022-05-02 18:05:50,147 | MainThread   | [INFO    ] | update_step         |:      | Update Time: 0.005 secs
2022-05-02 18:05:53,268 | MainThread   | [INFO    ] | prediction_step     |: Prediction Step
2022-05-02 18:05:53,440 | MainThread   | [INFO    ] | prediction_step     |:  | Prediction Time: 0.170 secs
2022-05-02 18:05:56,845 | MainThread   | [INFO    ] | update_step         |: Update Step
2022-05-02 18:05:56,852 | MainThread   | [INFO    ] | update_step         |:      | Update Time: 0.006 secs
2022-05-02 18:05:59,957 | MainThread   | [INFO    ] | prediction_step     |: Prediction Step
2022-05-02 18:06:00,123 | MainThread   | [INFO    ] | prediction_step     |:  | Prediction Time: 0.164 secs
2022-05-02 18:06:03,040 | MainThread   | [INFO    ] | update_step         |: Update Step
2022-05-02 18:06:03,045 | MainThread   | [INFO    ] | update_step         |:      | Update Time: 0.004 secs
2022-05-02 18:06:05,175 | MainThread   | [INFO    ] | prediction_step     |: Prediction Step
2022-05-02 18:06:05,262 | MainThread   | [INFO    ] | prediction_step     |:  | Prediction Time: 0.086 secs
2022-05-02 18:06:09,431 | MainThread   | [INFO    ] | update_step         |: Update Step
2022-05-02 18:06:09,436 | MainThread   | [INFO    ] | update_step         |:      | Update Time: 0.004 secs
2022-05-02 18:06:12,526 | MainThread   | [INFO    ] | prediction_step     |: Prediction Step
2022-05-02 18:06:12,686 | MainThread   | [INFO    ] | prediction_step     |:  | Prediction Time: 0.158 secs
2022-05-02 18:06:15,624 | MainThread   | [INFO    ] | update_step         |: Update Step
2022-05-02 18:06:15,629 | MainThread   | [INFO    ] | update_step         |:      | Update Time: 0.005 secs
2022-05-02 18:06:17,707 | MainThread   | [INFO    ] | prediction_step     |: Prediction Step
2022-05-02 18:06:17,780 | MainThread   | [INFO    ] | prediction_step     |:  | Prediction Time: 0.072 secs
2022-05-02 18:06:20,704 | MainThread   | [INFO    ] | update_step         |: Update Step
2022-05-02 18:06:20,710 | MainThread   | [INFO    ] | update_step         |:      | Update Time: 0.005 secs
2022-05-02 18:06:22,804 | MainThread   | [INFO    ] | prediction_step     |: Prediction Step
2022-05-02 18:06:22,908 | MainThread   | [INFO    ] | prediction_step     |:  | Prediction Time: 0.102 secs
2022-05-02 18:06:25,901 | MainThread   | [INFO    ] | update_step         |: Update Step
2022-05-02 18:06:25,927 | MainThread   | [INFO    ] | update_step         |:      | Update Time: 0.023 secs
2022-05-02 18:06:29,161 | MainThread   | [INFO    ] | prediction_step     |: Prediction Step
2022-05-02 18:06:29,228 | MainThread   | [INFO    ] | prediction_step     |:  | Prediction Time: 0.066 secs
2022-05-02 18:06:32,163 | MainThread   | [INFO    ] | update_step         |: Update Step
2022-05-02 18:06:32,170 | MainThread   | [INFO    ] | update_step         |:      | Update Time: 0.005 secs
2022-05-02 18:06:35,274 | MainThread   | [INFO    ] | prediction_step     |: Prediction Step
2022-05-02 18:06:35,348 | MainThread   | [INFO    ] | prediction_step     |:  | Prediction Time: 0.073 secs
2022-05-02 18:06:38,293 | MainThread   | [INFO    ] | update_step         |: Update Step
2022-05-02 18:06:38,299 | MainThread   | [INFO    ] | update_step         |:      | Update Time: 0.005 secs
2022-05-06 22:07:06,562 | MainThread   | [INFO    ] | update_step         |: Update Step
2022-05-06 22:09:29,447 | MainThread   | [INFO    ] | update_step         |: Update Step
2022-05-06 22:09:48,053 | MainThread   | [INFO    ] | update_step         |: Update Step
2022-05-06 22:11:13,739 | MainThread   | [INFO    ] | update_step         |: Update Step
2022-05-06 22:11:13,751 | MainThread   | [INFO    ] | update_step         |:      | Update Time: 0.009 secs
2022-05-06 22:11:13,755 | MainThread   | [INFO    ] | plot_update_step_data|: Bel index     : (0, 0, 0) with prob = nan
2022-05-06 22:11:13,757 | MainThread   | [INFO    ] | plot_update_step_data|: Bel_bar prob at index = 0.00051440329218107
2022-05-06 22:11:13,760 | MainThread   | [INFO    ] | plot_update_step_data|: Belief        : (-1.524, -1.219, -170.000)
2022-05-07 15:52:55,103 | MainThread   | [INFO    ] | update_step         |: Update Step
2022-05-07 15:52:55,117 | MainThread   | [INFO    ] | update_step         |:      | Update Time: 0.006 secs
2022-05-07 15:52:55,123 | MainThread   | [INFO    ] | plot_update_step_data|: Bel index     : (8, 5, 11) with prob = 0.1380412
2022-05-07 15:52:55,129 | MainThread   | [INFO    ] | plot_update_step_data|: Bel_bar prob at index = 0.00051440329218107
2022-05-07 15:52:55,144 | MainThread   | [INFO    ] | plot_update_step_data|: Belief        : (0.914, 0.305, 50.000)
2022-05-07 15:54:11,893 | MainThread   | [INFO    ] | update_step         |: Update Step
2022-05-07 15:54:11,901 | MainThread   | [INFO    ] | update_step         |:      | Update Time: 0.006 secs
2022-05-07 15:54:11,903 | MainThread   | [INFO    ] | plot_update_step_data|: Bel index     : (8, 5, 11) with prob = 0.1380412
2022-05-07 15:54:11,907 | MainThread   | [INFO    ] | plot_update_step_data|: Bel_bar prob at index = 0.00051440329218107
2022-05-07 15:54:11,911 | MainThread   | [INFO    ] | plot_update_step_data|: Belief        : (0.914, 0.305, 50.000)
2022-05-12 22:46:40,667 | MainThread   | [INFO    ] | update_step         |: Update Step
2022-05-12 22:46:40,675 | MainThread   | [INFO    ] | update_step         |:      | Update Time: 0.006 secs
2022-05-12 22:46:40,677 | MainThread   | [INFO    ] | plot_update_step_data|: Bel index     : (8, 5, 11) with prob = 0.2129482
2022-05-12 22:46:40,678 | MainThread   | [INFO    ] | plot_update_step_data|: Bel_bar prob at index = 0.00051440329218107
2022-05-12 22:46:40,680 | MainThread   | [INFO    ] | plot_update_step_data|: Belief        : (0.914, 0.305, 50.000)
2022-05-12 22:46:57,094 | MainThread   | [INFO    ] | update_step         |: Update Step
2022-05-12 22:46:57,104 | MainThread   | [INFO    ] | update_step         |:      | Update Time: 0.004 secs
2022-05-12 22:46:57,106 | MainThread   | [INFO    ] | plot_update_step_data|: Bel index     : (8, 4, 14) with prob = 0.1388087
2022-05-12 22:46:57,107 | MainThread   | [INFO    ] | plot_update_step_data|: Bel_bar prob at index = 0.00051440329218107
2022-05-12 22:46:57,108 | MainThread   | [INFO    ] | plot_update_step_data|: Belief        : (0.914, 0.000, 110.000)
2022-05-12 23:23:50,084 | MainThread   | [INFO    ] | update_step         |: Update Step
2022-05-12 23:23:50,095 | MainThread   | [INFO    ] | update_step         |:      | Update Time: 0.006 secs
2022-05-12 23:23:50,097 | MainThread   | [INFO    ] | plot_update_step_data|: Bel index     : (8, 4, 14) with prob = 0.1388087
2022-05-12 23:23:50,100 | MainThread   | [INFO    ] | plot_update_step_data|: Bel_bar prob at index = 0.00051440329218107
2022-05-12 23:23:50,104 | MainThread   | [INFO    ] | plot_update_step_data|: Belief        : (0.914, 0.000, 110.000)
2022-05-12 23:24:10,650 | MainThread   | [INFO    ] | update_step         |: Update Step
2022-05-12 23:24:10,661 | MainThread   | [INFO    ] | update_step         |:      | Update Time: 0.010 secs
2022-05-12 23:24:10,663 | MainThread   | [INFO    ] | plot_update_step_data|: Bel index     : (8, 4, 14) with prob = 0.1388087
2022-05-12 23:24:10,668 | MainThread   | [INFO    ] | plot_update_step_data|: Bel_bar prob at index = 0.00051440329218107
2022-05-12 23:24:10,670 | MainThread   | [INFO    ] | plot_update_step_data|: Belief        : (0.914, 0.000, 110.000)
2022-05-12 23:38:36,910 | MainThread   | [INFO    ] | update_step         |: Update Step
2022-05-12 23:38:36,921 | MainThread   | [INFO    ] | update_step         |:      | Update Time: 0.004 secs
2022-05-12 23:38:36,922 | MainThread   | [INFO    ] | plot_update_step_data|: Bel index     : (8, 5, 11) with prob = 0.2129482
2022-05-12 23:38:36,923 | MainThread   | [INFO    ] | plot_update_step_data|: Bel_bar prob at index = 0.00051440329218107
2022-05-12 23:38:36,924 | MainThread   | [INFO    ] | plot_update_step_data|: Belief        : (0.914, 0.305, 50.000)
2022-05-12 23:39:08,226 | MainThread   | [INFO    ] | update_step         |: Update Step
2022-05-12 23:39:08,232 | MainThread   | [INFO    ] | update_step         |:      | Update Time: 0.005 secs
2022-05-12 23:39:08,234 | MainThread   | [INFO    ] | plot_update_step_data|: Bel index     : (8, 4, 14) with prob = 0.1388087
2022-05-12 23:39:08,235 | MainThread   | [INFO    ] | plot_update_step_data|: Bel_bar prob at index = 0.00051440329218107
2022-05-12 23:39:08,242 | MainThread   | [INFO    ] | plot_update_step_data|: Belief        : (0.914, 0.000, 110.000)
2022-05-12 23:40:38,948 | MainThread   | [INFO    ] | update_step         |: Update Step
2022-05-12 23:40:38,958 | MainThread   | [INFO    ] | update_step         |:      | Update Time: 0.007 secs
2022-05-12 23:40:38,959 | MainThread   | [INFO    ] | plot_update_step_data|: Bel index     : (8, 5, 11) with prob = 0.3014325
2022-05-12 23:40:38,963 | MainThread   | [INFO    ] | plot_update_step_data|: Bel_bar prob at index = 0.00051440329218107
2022-05-12 23:40:38,964 | MainThread   | [INFO    ] | plot_update_step_data|: Belief        : (0.914, 0.305, 50.000)
2022-05-12 23:41:20,036 | MainThread   | [INFO    ] | update_step         |: Update Step
2022-05-12 23:41:20,054 | MainThread   | [INFO    ] | update_step         |:      | Update Time: 0.015 secs
2022-05-12 23:41:20,055 | MainThread   | [INFO    ] | plot_update_step_data|: Bel index     : (8, 5, 10) with prob = 0.3042130
2022-05-12 23:41:20,057 | MainThread   | [INFO    ] | plot_update_step_data|: Bel_bar prob at index = 0.00051440329218107
2022-05-12 23:41:20,090 | MainThread   | [INFO    ] | plot_update_step_data|: Belief        : (0.914, 0.305, 30.000)
2022-05-12 23:41:50,527 | MainThread   | [INFO    ] | update_step         |: Update Step
2022-05-12 23:41:50,540 | MainThread   | [INFO    ] | update_step         |:      | Update Time: 0.006 secs
2022-05-12 23:41:50,546 | MainThread   | [INFO    ] | plot_update_step_data|: Bel index     : (8, 4, 13) with prob = 0.2381804
2022-05-12 23:41:50,562 | MainThread   | [INFO    ] | plot_update_step_data|: Bel_bar prob at index = 0.00051440329218107
2022-05-12 23:41:50,577 | MainThread   | [INFO    ] | plot_update_step_data|: Belief        : (0.914, 0.000, 90.000)
2022-05-12 23:43:26,799 | MainThread   | [INFO    ] | update_step         |: Update Step
2022-05-12 23:43:26,810 | MainThread   | [INFO    ] | update_step         |:      | Update Time: 0.003 secs
2022-05-12 23:43:26,814 | MainThread   | [INFO    ] | plot_update_step_data|: Bel index     : (8, 4, 1) with prob = 0.1915204
2022-05-12 23:43:26,816 | MainThread   | [INFO    ] | plot_update_step_data|: Bel_bar prob at index = 0.00051440329218107
2022-05-12 23:43:26,817 | MainThread   | [INFO    ] | plot_update_step_data|: Belief        : (0.914, 0.000, -150.000)
2022-05-12 23:44:16,087 | MainThread   | [INFO    ] | update_step         |: Update Step
2022-05-12 23:44:16,093 | MainThread   | [INFO    ] | update_step         |:      | Update Time: 0.005 secs
2022-05-12 23:44:16,097 | MainThread   | [INFO    ] | plot_update_step_data|: Bel index     : (8, 5, 12) with prob = 0.2135679
2022-05-12 23:44:16,098 | MainThread   | [INFO    ] | plot_update_step_data|: Bel_bar prob at index = 0.00051440329218107
2022-05-12 23:44:16,100 | MainThread   | [INFO    ] | plot_update_step_data|: Belief        : (0.914, 0.305, 70.000)
2022-05-12 23:45:19,061 | MainThread   | [INFO    ] | update_step         |: Update Step
2022-05-12 23:45:19,066 | MainThread   | [INFO    ] | update_step         |:      | Update Time: 0.004 secs
2022-05-12 23:45:19,068 | MainThread   | [INFO    ] | plot_update_step_data|: Bel index     : (8, 4, 15) with prob = 0.2858168
2022-05-12 23:45:19,072 | MainThread   | [INFO    ] | plot_update_step_data|: Bel_bar prob at index = 0.00051440329218107
2022-05-12 23:45:19,074 | MainThread   | [INFO    ] | plot_update_step_data|: Belief        : (0.914, 0.000, 130.000)
2022-05-12 23:45:33,314 | MainThread   | [INFO    ] | update_step         |: Update Step
2022-05-12 23:45:33,327 | MainThread   | [INFO    ] | update_step         |:      | Update Time: 0.007 secs
2022-05-12 23:45:33,330 | MainThread   | [INFO    ] | plot_update_step_data|: Bel index     : (8, 4, 15) with prob = 0.2858168
2022-05-12 23:45:33,331 | MainThread   | [INFO    ] | plot_update_step_data|: Bel_bar prob at index = 0.00051440329218107
2022-05-12 23:45:33,339 | MainThread   | [INFO    ] | plot_update_step_data|: Belief        : (0.914, 0.000, 130.000)
2022-05-12 23:46:28,722 | MainThread   | [INFO    ] | update_step         |: Update Step
2022-05-12 23:46:28,728 | MainThread   | [INFO    ] | update_step         |:      | Update Time: 0.005 secs
2022-05-12 23:46:28,739 | MainThread   | [INFO    ] | plot_update_step_data|: Bel index     : (8, 5, 11) with prob = 0.1380412
2022-05-12 23:46:28,740 | MainThread   | [INFO    ] | plot_update_step_data|: Bel_bar prob at index = 0.00051440329218107
2022-05-12 23:46:28,742 | MainThread   | [INFO    ] | plot_update_step_data|: Belief        : (0.914, 0.305, 50.000)
2022-05-12 23:47:04,512 | MainThread   | [INFO    ] | update_step         |: Update Step
2022-05-12 23:47:04,519 | MainThread   | [INFO    ] | update_step         |:      | Update Time: 0.006 secs
2022-05-12 23:47:04,523 | MainThread   | [INFO    ] | plot_update_step_data|: Bel index     : (10, 5, 11) with prob = 0.0555555
2022-05-12 23:47:04,527 | MainThread   | [INFO    ] | plot_update_step_data|: Bel_bar prob at index = 0.00051440329218107
2022-05-12 23:47:04,535 | MainThread   | [INFO    ] | plot_update_step_data|: Belief        : (1.524, 0.305, 50.000)
2022-05-17 16:23:17,343 | MainThread   | [INFO    ] | update_step         |: Update Step
2022-05-17 16:23:17,363 | MainThread   | [INFO    ] | update_step         |:      | Update Time: 0.010 secs
2022-05-17 16:23:17,365 | MainThread   | [INFO    ] | plot_update_step_data|: Bel index     : (8, 5, 13) with prob = 0.1478340
2022-05-17 16:23:17,366 | MainThread   | [INFO    ] | plot_update_step_data|: Bel_bar prob at index = 0.00051440329218107
2022-05-17 16:23:17,372 | MainThread   | [INFO    ] | plot_update_step_data|: Belief        : (0.914, 0.305, 90.000)
2022-05-17 16:26:07,325 | MainThread   | [INFO    ] | update_step         |: Update Step
2022-05-17 16:26:07,350 | MainThread   | [INFO    ] | update_step         |:      | Update Time: 0.017 secs
2022-05-17 16:26:07,360 | MainThread   | [INFO    ] | plot_update_step_data|: Bel index     : (8, 5, 12) with prob = 0.2135679
2022-05-17 16:26:07,367 | MainThread   | [INFO    ] | plot_update_step_data|: Bel_bar prob at index = 0.00051440329218107
2022-05-17 16:26:07,372 | MainThread   | [INFO    ] | plot_update_step_data|: Belief        : (0.914, 0.305, 70.000)
2022-05-17 16:26:25,360 | MainThread   | [INFO    ] | update_step         |: Update Step
2022-05-17 16:26:25,371 | MainThread   | [INFO    ] | update_step         |:      | Update Time: 0.007 secs
2022-05-17 16:26:25,373 | MainThread   | [INFO    ] | plot_update_step_data|: Bel index     : (8, 5, 12) with prob = 0.2135679
2022-05-17 16:26:25,374 | MainThread   | [INFO    ] | plot_update_step_data|: Bel_bar prob at index = 0.00051440329218107
2022-05-17 16:26:25,378 | MainThread   | [INFO    ] | plot_update_step_data|: Belief        : (0.914, 0.305, 70.000)
2022-05-17 16:28:25,348 | MainThread   | [INFO    ] | update_step         |: Update Step
2022-05-17 16:28:25,361 | MainThread   | [INFO    ] | update_step         |:      | Update Time: 0.006 secs
2022-05-17 16:28:25,362 | MainThread   | [INFO    ] | plot_update_step_data|: Bel index     : (8, 5, 13) with prob = 0.2453809
2022-05-17 16:28:25,366 | MainThread   | [INFO    ] | plot_update_step_data|: Bel_bar prob at index = 0.00051440329218107
2022-05-17 16:28:25,370 | MainThread   | [INFO    ] | plot_update_step_data|: Belief        : (0.914, 0.305, 90.000)
2022-05-17 17:06:16,713 | MainThread   | [INFO    ] | update_step         |: Update Step
2022-05-17 17:06:16,793 | MainThread   | [INFO    ] | update_step         |:      | Update Time: 0.063 secs
2022-05-17 17:06:16,800 | MainThread   | [INFO    ] | plot_update_step_data|: Bel index     : (8, 5, 13) with prob = 0.2453809
2022-05-17 17:06:16,816 | MainThread   | [INFO    ] | plot_update_step_data|: Bel_bar prob at index = 0.00051440329218107
2022-05-17 17:06:16,835 | MainThread   | [INFO    ] | plot_update_step_data|: Belief        : (0.914, 0.305, 90.000)
2022-05-17 17:07:24,633 | MainThread   | [INFO    ] | update_step         |: Update Step
2022-05-17 17:07:24,644 | MainThread   | [INFO    ] | update_step         |:      | Update Time: 0.004 secs
2022-05-17 17:07:24,646 | MainThread   | [INFO    ] | plot_update_step_data|: Bel index     : (8, 4, 14) with prob = 0.1388087
2022-05-17 17:07:24,647 | MainThread   | [INFO    ] | plot_update_step_data|: Bel_bar prob at index = 0.00051440329218107
2022-05-17 17:07:24,651 | MainThread   | [INFO    ] | plot_update_step_data|: Belief        : (0.914, 0.000, 110.000)
2022-05-17 17:08:34,354 | MainThread   | [INFO    ] | update_step         |: Update Step
2022-05-17 17:08:34,367 | MainThread   | [INFO    ] | update_step         |:      | Update Time: 0.005 secs
2022-05-17 17:08:34,371 | MainThread   | [INFO    ] | plot_update_step_data|: Bel index     : (8, 4, 14) with prob = 0.1388087
2022-05-17 17:08:34,376 | MainThread   | [INFO    ] | plot_update_step_data|: Bel_bar prob at index = 0.00051440329218107
2022-05-17 17:08:34,382 | MainThread   | [INFO    ] | plot_update_step_data|: Belief        : (0.914, 0.000, 110.000)
